C:\USERS\AJIN\DESKTOP\CS 215\CS215\ASU232\PA4\PA4\DEBUG\GAME.OBJ
C:\USERS\AJIN\DESKTOP\CS 215\CS215\ASU232\PA4\PA4\DEBUG\LETTERS.OBJ
C:\USERS\AJIN\DESKTOP\CS 215\CS215\ASU232\PA4\PA4\DEBUG\VC110.PDB
C:\USERS\AJIN\DESKTOP\CS 215\CS215\ASU232\PA4\DEBUG\PA4.ILK
C:\USERS\AJIN\DESKTOP\CS 215\CS215\ASU232\PA4\DEBUG\PA4.EXE
C:\USERS\AJIN\DESKTOP\CS 215\CS215\ASU232\PA4\DEBUG\PA4.PDB
C:\Users\Ajin\Desktop\CS 215\CS215\asu232\pa4\pa4\Debug\letters.obj
C:\Users\Ajin\Desktop\CS 215\CS215\asu232\pa4\pa4\Debug\cl.command.1.tlog
C:\Users\Ajin\Desktop\CS 215\CS215\asu232\pa4\pa4\Debug\CL.read.1.tlog
C:\Users\Ajin\Desktop\CS 215\CS215\asu232\pa4\pa4\Debug\CL.write.1.tlog
C:\Users\Ajin\Desktop\CS 215\CS215\asu232\pa4\pa4\Debug\link-cvtres.read.1.tlog
C:\Users\Ajin\Desktop\CS 215\CS215\asu232\pa4\pa4\Debug\link-cvtres.write.1.tlog
C:\Users\Ajin\Desktop\CS 215\CS215\asu232\pa4\pa4\Debug\link-rc.read.1.tlog
C:\Users\Ajin\Desktop\CS 215\CS215\asu232\pa4\pa4\Debug\link-rc.write.1.tlog
C:\Users\Ajin\Desktop\CS 215\CS215\asu232\pa4\pa4\Debug\link.13488-cvtres.read.1.tlog
C:\Users\Ajin\Desktop\CS 215\CS215\asu232\pa4\pa4\Debug\link.13488-cvtres.write.1.tlog
C:\Users\Ajin\Desktop\CS 215\CS215\asu232\pa4\pa4\Debug\link.13488-rc.read.1.tlog
C:\Users\Ajin\Desktop\CS 215\CS215\asu232\pa4\pa4\Debug\link.13488-rc.write.1.tlog
C:\Users\Ajin\Desktop\CS 215\CS215\asu232\pa4\pa4\Debug\link.13488.read.1.tlog
C:\Users\Ajin\Desktop\CS 215\CS215\asu232\pa4\pa4\Debug\link.13488.write.1.tlog
C:\Users\Ajin\Desktop\CS 215\CS215\asu232\pa4\pa4\Debug\link.command.1.tlog
C:\Users\Ajin\Desktop\CS 215\CS215\asu232\pa4\pa4\Debug\link.read.1.tlog
C:\Users\Ajin\Desktop\CS 215\CS215\asu232\pa4\pa4\Debug\link.write.1.tlog
C:\Users\Ajin\Desktop\CS 215\CS215\asu232\pa4\pa4\Debug\vc110.idb
C:\Users\Ajin\Desktop\CS 215\CS215\asu232\pa4\pa4\Debug\vc110.pdb
C:\Users\Ajin\Desktop\CS 215\CS215\asu232\pa4\Debug\pa4.pdb
C:\Users\Ajin\Desktop\CS 215\CS215\asu232\pa4\Debug\pa4.exe
C:\Users\Ajin\Desktop\CS 215\CS215\asu232\pa4\Debug\pa4.ilk
